2023-09-22 15:03:43,245 warning
2023-09-22 15:03:43,246 =================Start of the test ================
2023-09-22 15:03:44,173 Launched the Notepad application
2023-09-22 15:03:52,697 Entered the text in file
2023-09-22 15:03:53,333 File menu clicked
2023-09-22 15:04:52,058 warning
2023-09-22 15:04:52,059 =================Start of the test ================
2023-09-22 15:04:52,840 Launched the Notepad application
2023-09-22 15:05:01,260 Entered the text in file
2023-09-22 15:05:01,842 File menu clicked
2023-09-22 15:05:05,158 Saved the text in file in: try_automation_2023-09-22 15-05-02.txt
2023-09-22 15:05:08,159 ===================End of the test==================
2023-09-22 15:17:30,471 warning
2023-09-22 15:17:30,471 =================Start of the test ================
2023-09-22 15:17:31,211 Launched the Notepad application
2023-09-22 15:17:39,745 Entered the text in file
2023-09-22 15:17:40,382 File menu clicked
2023-09-22 15:18:00,692 warning
2023-09-22 15:18:00,692 =================Start of the test ================
2023-09-22 15:18:01,422 Launched the Notepad application
2023-09-22 15:18:10,131 Entered the text in file
2023-09-22 15:18:10,769 File menu clicked
2023-09-22 15:18:14,245 Saved the text in file in: try_automation_2023-09-22 15-18-11.txt
2023-09-22 15:18:17,258 ===================End of the test==================
2023-09-22 15:54:24,575 warning
2023-09-22 15:54:24,575 =================Start of the test ================
2023-09-22 15:54:25,922 Launched the Notepad application
2023-09-22 15:54:34,942 Entered the text in file
2023-09-22 15:54:35,560 File menu clicked
2023-09-22 15:54:39,120 Saved the text in file in: try_automation_2023-09-22 15-54-36.txt
2023-09-22 15:54:42,125 ===================End of the test==================
2023-09-22 16:06:22,951 warning
2023-09-22 16:06:22,951 =================Start of the test ================
2023-09-22 16:06:23,771 Launched the Notepad application
2023-09-22 16:06:32,972 Entered the text in file
2023-09-22 16:06:34,601 File menu clicked
